
xv6 kernel is booting

hart 1 starting
hart 2 starting
page table 0x0000000087f6e000
..0: pte 0x0000000021fda801 pa 0x0000000087f6a000
.. ..0: pte 0x0000000021fda401 pa 0x0000000087f69000
.. .. ..0: pte 0x0000000021fdac1f pa 0x0000000087f6b000
.. .. ..1: pte 0x0000000021fda00f pa 0x0000000087f68000
.. .. ..2: pte 0x0000000021fd9c1f pa 0x0000000087f67000
..255: pte 0x0000000021fdb401 pa 0x0000000087f6d000
.. ..511: pte 0x0000000021fdb001 pa 0x0000000087f6c000
.. .. ..509: pte 0x0000000021fdd813 pa 0x0000000087f76000
.. .. ..510: pte 0x0000000021fddc07 pa 0x0000000087f77000
.. .. ..511: pte 0x0000000020001c0b pa 0x0000000080007000
init: starting sh
$ usertests
usertests starting
test MAXVAplus: usertrap(): unexpected scause 0x000000000000000f pid=6
            sepc=0x0000000000002208 stval=0x0000004000000000
usertrap(): unexpected scause 0x000000000000000f pid=7
            sepc=0x0000000000002208 stval=0x0000008000000000
usertrap(): unexpected scause 0x000000000000000f pid=8
            sepc=0x0000000000002208 stval=0x0000010000000000
usertrap(): unexpected scause 0x000000000000000f pid=9
            sepc=0x0000000000002208 stval=0x0000020000000000
usertrap(): unexpected scause 0x000000000000000f pid=10
            sepc=0x0000000000002208 stval=0x0000040000000000
usertrap(): unexpected scause 0x000000000000000f pid=11
            sepc=0x0000000000002208 stval=0x0000080000000000
usertrap(): unexpected scause 0x000000000000000f pid=12
            sepc=0x0000000000002208 stval=0x0000100000000000
usertrap(): unexpected scause 0x000000000000000f pid=13
            sepc=0x0000000000002208 stval=0x0000200000000000
usertrap(): unexpected scause 0x000000000000000f pid=14
            sepc=0x0000000000002208 stval=0x0000400000000000
usertrap(): unexpected scause 0x000000000000000f pid=15
            sepc=0x0000000000002208 stval=0x0000800000000000
usertrap(): unexpected scause 0x000000000000000f pid=16
            sepc=0x0000000000002208 stval=0x0001000000000000
usertrap(): unexpected scause 0x000000000000000f pid=17
            sepc=0x0000000000002208 stval=0x0002000000000000
usertrap(): unexpected scause 0x000000000000000f pid=18
            sepc=0x0000000000002208 stval=0x0004000000000000
usertrap(): unexpected scause 0x000000000000000f pid=19
            sepc=0x0000000000002208 stval=0x0008000000000000
usertrap(): unexpected scause 0x000000000000000f pid=20
            sepc=0x0000000000002208 stval=0x0010000000000000
usertrap(): unexpected scause 0x000000000000000f pid=21
            sepc=0x0000000000002208 stval=0x0020000000000000
usertrap(): unexpected scause 0x000000000000000f pid=22
            sepc=0x0000000000002208 stval=0x0040000000000000
usertrap(): unexpected scause 0x000000000000000f pid=23
            sepc=0x0000000000002208 stval=0x0080000000000000
usertrap(): unexpected scause 0x000000000000000f pid=24
            sepc=0x0000000000002208 stval=0x0100000000000000
usertrap(): unexpected scause 0x000000000000000f pid=25
            sepc=0x0000000000002208 stval=0x0200000000000000
usertrap(): unexpected scause 0x000000000000000f pid=26
            sepc=0x0000000000002208 stval=0x0400000000000000
usertrap(): unexpected scause 0x000000000000000f pid=27
            sepc=0x0000000000002208 stval=0x0800000000000000
usertrap(): unexpected scause 0x000000000000000f pid=28
            sepc=0x0000000000002208 stval=0x1000000000000000
usertrap(): unexpected scause 0x000000000000000f pid=29
            sepc=0x0000000000002208 stval=0x2000000000000000
usertrap(): unexpected scause 0x000000000000000f pid=30
            sepc=0x0000000000002208 stval=0x4000000000000000
usertrap(): unexpected scause 0x000000000000000f pid=31
            sepc=0x0000000000002208 stval=0x8000000000000000
OK
test manywrites: OK
test execout: OK
test copyin: OK
test copyout: OK
test copyinstr1: OK
test copyinstr2: OK
test copyinstr3: OK
test rwsbrk: OK
test truncate1: OK
test truncate2: OK
test truncate3: OK
test reparent2: OK
test pgbug: OK
test sbrkbugs: usertrap(): unexpected scause 0x000000000000000c pid=3267
            sepc=0x00000000000058ec stval=0x00000000000058ec
usertrap(): unexpected scause 0x000000000000000c pid=3268
            sepc=0x00000000000058ec stval=0x00000000000058ec
OK
test badarg: OK
test reparent: qemu-system-riscv64: terminating on signal 15 from pid 3915 (make)
